[2019-11-13 15:40:52] Error text: Not Fund | file: D:\OSPanel\domains\localhost\public\index.php | line: 8
=========================
[2019-11-13 15:41:47] Error text: Not Fund | file: D:\OSPanel\domains\localhost\public\index.php | line: 8
=========================
[2019-11-13 15:43:05] Error text: Not Fund | file: D:\OSPanel\domains\localhost\public\index.php | line: 8
=========================
[2019-11-13 15:43:42] Error text: Not Fund | file: D:\OSPanel\domains\localhost\public\index.php | line: 8
=========================
[2019-11-13 15:44:13] Error text: Not Fund | file: D:\OSPanel\domains\localhost\public\index.php | line: 8
=========================
[2019-11-13 15:44:14] Error text: Not Fund | file: D:\OSPanel\domains\localhost\public\index.php | line: 8
=========================
[2019-11-13 15:44:40] Error text: Not Fund | file: D:\OSPanel\domains\localhost\public\index.php | line: 8
=========================
[2019-11-13 15:51:01] Error text: Not Fund | file: D:\OSPanel\domains\localhost\public\index.php | line: 8
=========================
[2019-11-13 15:51:09] Error text: Not Fund | file: D:\OSPanel\domains\localhost\public\index.php | line: 8
=========================
[2019-11-13 15:51:10] Error text: Not Fund | file: D:\OSPanel\domains\localhost\public\index.php | line: 8
=========================
[2019-11-13 15:51:16] Error text: Not Fund | file: D:\OSPanel\domains\localhost\public\index.php | line: 8
=========================
[2019-11-13 15:51:17] Error text: Not Fund | file: D:\OSPanel\domains\localhost\public\index.php | line: 8
=========================
[2019-11-13 15:51:22] Error text: Not Fund | file: D:\OSPanel\domains\localhost\public\index.php | line: 8
=========================
[2019-11-13 15:51:58] Error text: Not Fund | file: D:\OSPanel\domains\localhost\public\index.php | line: 8
=========================
[2019-11-13 15:52:13] Error text: Not Fund | file: D:\OSPanel\domains\localhost\public\index.php | line: 8
=========================
[2019-11-13 15:52:14] Error text: Not Fund | file: D:\OSPanel\domains\localhost\public\index.php | line: 8
=========================
[2019-11-13 15:56:39] Error text: Not Fund | file: D:\OSPanel\domains\localhost\public\index.php | line: 8
=========================
[2019-11-13 15:57:21] Error text: Not Fund | file: D:\OSPanel\domains\localhost\public\index.php | line: 8
=========================
[2019-11-13 15:57:40] Error text: Not Fund | file: D:\OSPanel\domains\localhost\public\index.php | line: 8
=========================
[2019-11-13 15:58:00] Error text: Not Fund | file: D:\OSPanel\domains\localhost\public\index.php | line: 8
=========================
[2019-11-13 15:58:02] Error text: Not Fund | file: D:\OSPanel\domains\localhost\public\index.php | line: 8
=========================
[2019-11-13 15:58:04] Error text: Not Fund | file: D:\OSPanel\domains\localhost\public\index.php | line: 8
=========================
[2019-11-13 15:58:04] Error text: Not Fund | file: D:\OSPanel\domains\localhost\public\index.php | line: 8
=========================
[2019-11-13 15:58:04] Error text: Not Fund | file: D:\OSPanel\domains\localhost\public\index.php | line: 8
=========================
[2019-11-13 15:58:05] Error text: Not Fund | file: D:\OSPanel\domains\localhost\public\index.php | line: 8
=========================
[2019-11-13 15:58:05] Error text: Not Fund | file: D:\OSPanel\domains\localhost\public\index.php | line: 8
=========================
[2019-11-13 15:58:05] Error text: Not Fund | file: D:\OSPanel\domains\localhost\public\index.php | line: 8
=========================
[2019-11-13 15:58:06] Error text: Not Fund | file: D:\OSPanel\domains\localhost\public\index.php | line: 8
=========================
[2019-11-13 15:58:06] Error text: Not Fund | file: D:\OSPanel\domains\localhost\public\index.php | line: 8
=========================
[2019-11-13 15:58:06] Error text: Not Fund | file: D:\OSPanel\domains\localhost\public\index.php | line: 8
=========================
[2019-11-13 15:59:34] Error text: Not Fund | file: D:\OSPanel\domains\localhost\public\index.php | line: 8
=========================
[2019-11-13 15:59:34] Error text: Not Fund | file: D:\OSPanel\domains\localhost\public\index.php | line: 8
=========================
[2019-11-13 15:59:36] Error text: Not Fund | file: D:\OSPanel\domains\localhost\public\index.php | line: 8
=========================
[2019-11-13 15:59:36] Error text: Not Fund | file: D:\OSPanel\domains\localhost\public\index.php | line: 8
=========================
[2019-11-13 15:59:37] Error text: Not Fund | file: D:\OSPanel\domains\localhost\public\index.php | line: 8
=========================
[2019-11-13 15:59:37] Error text: Not Fund | file: D:\OSPanel\domains\localhost\public\index.php | line: 8
=========================
[2019-11-13 15:59:37] Error text: Not Fund | file: D:\OSPanel\domains\localhost\public\index.php | line: 8
=========================
[2019-11-13 17:32:53] Error text: Not Fund | file: D:\OSPanel\domains\localhost\public\index.php | line: 8
=========================
[2019-11-13 17:33:02] Error text: Not Fund | file: D:\OSPanel\domains\localhost\public\index.php | line: 8
=========================
[2019-11-13 17:33:02] Error text: Not Fund | file: D:\OSPanel\domains\localhost\public\index.php | line: 8
=========================
[2019-11-13 17:41:41] Error text: Not Fund | file: D:\OSPanel\domains\localhost\public\index.php | line: 8
=========================
[2019-11-13 18:16:24] Error text: Page not found | file: D:\OSPanel\domains\localhost\vendor\ibuild\core\Router.php | line: 25
=========================
[2019-11-13 18:16:48] Error text: Page not found | file: D:\OSPanel\domains\localhost\vendor\ibuild\core\Router.php | line: 25
=========================
[2019-11-13 18:35:07] Error text: Controller app\controllers\PageNewController not found | file: D:\OSPanel\domains\localhost\vendor\ibuild\core\Router.php | line: 28
=========================
[2019-11-13 18:35:11] Error text: Controller app\controllers\PageController not found | file: D:\OSPanel\domains\localhost\vendor\ibuild\core\Router.php | line: 28
=========================
[2019-11-13 18:37:36] Error text: Controller app\controllers\PageController not found | file: D:\OSPanel\domains\localhost\vendor\ibuild\core\Router.php | line: 33
=========================
[2019-11-13 18:39:19] Error text: Controller app\controllers\PageController not found | file: D:\OSPanel\domains\localhost\vendor\ibuild\core\Router.php | line: 33
=========================
[2019-11-13 18:39:22] Error text: Controller app\controllers\MainController not found | file: D:\OSPanel\domains\localhost\vendor\ibuild\core\Router.php | line: 33
=========================
[2019-11-13 18:39:22] Error text: Controller app\controllers\MainController not found | file: D:\OSPanel\domains\localhost\vendor\ibuild\core\Router.php | line: 33
=========================
[2019-11-13 18:39:23] Error text: Controller app\controllers\MainController not found | file: D:\OSPanel\domains\localhost\vendor\ibuild\core\Router.php | line: 33
=========================
[2019-11-13 18:39:23] Error text: Controller app\controllers\MainController not found | file: D:\OSPanel\domains\localhost\vendor\ibuild\core\Router.php | line: 33
=========================
[2019-11-13 18:39:23] Error text: Controller app\controllers\MainController not found | file: D:\OSPanel\domains\localhost\vendor\ibuild\core\Router.php | line: 33
=========================
[2019-11-13 18:40:05] Error text: Controller app\controllers\MainController not found | file: D:\OSPanel\domains\localhost\vendor\ibuild\core\Router.php | line: 33
=========================
[2019-11-13 18:40:06] Error text: Controller app\controllers\MainController not found | file: D:\OSPanel\domains\localhost\vendor\ibuild\core\Router.php | line: 33
=========================
[2019-11-13 18:40:06] Error text: Controller app\controllers\MainController not found | file: D:\OSPanel\domains\localhost\vendor\ibuild\core\Router.php | line: 33
=========================
[2019-11-13 18:40:59] Error text: Controller app\controllers\PageController not found | file: D:\OSPanel\domains\localhost\vendor\ibuild\core\Router.php | line: 33
=========================
